# JRE version: OpenJDK Runtime Environment (8.0_265-b01) (build 1.8.0_265-8u265-b01-0ubuntu2~20.04-b01)
# Java VM: OpenJDK 64-Bit Server VM (25.265-b01 mixed mode linux-amd64 compressed oops)
Heap:
 PSYoungGen      total 590848K, used 337930K [0x000000076d180000, 0x00000007b2700000, 0x00000007c0000000)
  eden space 586240K, 57% used [0x000000076d180000,0x0000000781c9e8d8,0x0000000790e00000)
  from space 4608K, 1% used [0x00000007b1e00000,0x00000007b1e10000,0x00000007b2280000)
  to   space 4608K, 0% used [0x00000007b2280000,0x00000007b2280000,0x00000007b2700000)
 ParOldGen       total 568832K, used 550709K [0x00000006c7400000, 0x00000006e9f80000, 0x000000076d180000)
  object space 568832K, 96% used [0x00000006c7400000,0x00000006e8dcd678,0x00000006e9f80000)
 Metaspace       used 12267K, capacity 12530K, committed 12672K, reserved 1060864K
  class space    used 1301K, capacity 1378K, committed 1408K, reserved 1048576K
GC Heap History (10 events):
Event: 198,132 GC heap before
{Heap before GC invocations=135 (full 2):
 PSYoungGen      total 239104K, used 238656K [0x000000076d180000, 0x00000007b2f00000, 0x00000007c0000000)
  eden space 238592K, 100% used [0x000000076d180000,0x000000077ba80000,0x000000077ba80000)
  from space 512K, 12% used [0x00000007b2e80000,0x00000007b2e90000,0x00000007b2f00000)
  to   space 4608K, 0% used [0x00000007b2600000,0x00000007b2600000,0x00000007b2a80000)
 ParOldGen       total 568832K, used 550669K [0x00000006c7400000, 0x00000006e9f80000, 0x000000076d180000)
  object space 568832K, 96% used [0x00000006c7400000,0x00000006e8dc3678,0x00000006e9f80000)
 Metaspace       used 12267K, capacity 12530K, committed 12672K, reserved 1060864K
  class space    used 1301K, capacity 1378K, committed 1408K, reserved 1048576K
Event: 198,153 GC heap after
Heap after GC invocations=135 (full 2):
 PSYoungGen      total 290816K, used 96K [0x000000076d180000, 0x00000007b2f00000, 0x00000007c0000000)
  eden space 286208K, 0% used [0x000000076d180000,0x000000076d180000,0x000000077e900000)
  from space 4608K, 2% used [0x00000007b2600000,0x00000007b2618000,0x00000007b2a80000)
  to   space 4608K, 0% used [0x00000007b2a80000,0x00000007b2a80000,0x00000007b2f00000)
 ParOldGen       total 568832K, used 550677K [0x00000006c7400000, 0x00000006e9f80000, 0x000000076d180000)
  object space 568832K, 96% used [0x00000006c7400000,0x00000006e8dc5678,0x00000006e9f80000)
 Metaspace       used 12267K, capacity 12530K, committed 12672K, reserved 1060864K
  class space    used 1301K, capacity 1378K, committed 1408K, reserved 1048576K
}
Event: 198,394 GC heap before
{Heap before GC invocations=136 (full 2):
 PSYoungGen      total 290816K, used 285834K [0x000000076d180000, 0x00000007b2f00000, 0x00000007c0000000)
  eden space 286208K, 99% used [0x000000076d180000,0x000000077e88ab30,0x000000077e900000)
  from space 4608K, 2% used [0x00000007b2600000,0x00000007b2618000,0x00000007b2a80000)
  to   space 4608K, 0% used [0x00000007b2a80000,0x00000007b2a80000,0x00000007b2f00000)
 ParOldGen       total 568832K, used 550677K [0x00000006c7400000, 0x00000006e9f80000, 0x000000076d180000)
  object space 568832K, 96% used [0x00000006c7400000,0x00000006e8dc5678,0x00000006e9f80000)
 Metaspace       used 12267K, capacity 12530K, committed 12672K, reserved 1060864K
  class space    used 1301K, capacity 1378K, committed 1408K, reserved 1048576K
Event: 198,400 GC heap after
Heap after GC invocations=136 (full 2):
 PSYoungGen      total 343040K, used 64K [0x000000076d180000, 0x00000007b2b00000, 0x00000007c0000000)
  eden space 342528K, 0% used [0x000000076d180000,0x000000076d180000,0x0000000782000000)
  from space 512K, 12% used [0x00000007b2a80000,0x00000007b2a90000,0x00000007b2b00000)
  to   space 4608K, 0% used [0x00000007b2200000,0x00000007b2200000,0x00000007b2680000)
 ParOldGen       total 568832K, used 550685K [0x00000006c7400000, 0x00000006e9f80000, 0x000000076d180000)
  object space 568832K, 96% used [0x00000006c7400000,0x00000006e8dc7678,0x00000006e9f80000)
 Metaspace       used 12267K, capacity 12530K, committed 12672K, reserved 1060864K
  class space    used 1301K, capacity 1378K, committed 1408K, reserved 1048576K
}
Event: 198,702 GC heap before
{Heap before GC invocations=137 (full 2):
 PSYoungGen      total 343040K, used 342592K [0x000000076d180000, 0x00000007b2b00000, 0x00000007c0000000)
  eden space 342528K, 100% used [0x000000076d180000,0x0000000782000000,0x0000000782000000)
  from space 512K, 12% used [0x00000007b2a80000,0x00000007b2a90000,0x00000007b2b00000)
  to   space 4608K, 0% used [0x00000007b2200000,0x00000007b2200000,0x00000007b2680000)
 ParOldGen       total 568832K, used 550685K [0x00000006c7400000, 0x00000006e9f80000, 0x000000076d180000)
  object space 568832K, 96% used [0x00000006c7400000,0x00000006e8dc7678,0x00000006e9f80000)
 Metaspace       used 12267K, capacity 12530K, committed 12672K, reserved 1060864K
  class space    used 1301K, capacity 1378K, committed 1408K, reserved 1048576K
Event: 198,713 GC heap after
Heap after GC invocations=137 (full 2):
 PSYoungGen      total 414720K, used 2875K [0x000000076d180000, 0x00000007b2b00000, 0x00000007c0000000)
  eden space 410112K, 0% used [0x000000076d180000,0x000000076d180000,0x0000000786200000)
  from space 4608K, 62% used [0x00000007b2200000,0x00000007b24cef70,0x00000007b2680000)
  to   space 4608K, 0% used [0x00000007b2680000,0x00000007b2680000,0x00000007b2b00000)
 ParOldGen       total 568832K, used 550693K [0x00000006c7400000, 0x00000006e9f80000, 0x000000076d180000)
  object space 568832K, 96% used [0x00000006c7400000,0x00000006e8dc9678,0x00000006e9f80000)
 Metaspace       used 12267K, capacity 12530K, committed 12672K, reserved 1060864K
  class space    used 1301K, capacity 1378K, committed 1408K, reserved 1048576K
}
Event: 199,950 GC heap before
{Heap before GC invocations=138 (full 2):
 PSYoungGen      total 414720K, used 411953K [0x000000076d180000, 0x00000007b2b00000, 0x00000007c0000000)
  eden space 410112K, 99% used [0x000000076d180000,0x00000007860fd738,0x0000000786200000)
  from space 4608K, 62% used [0x00000007b2200000,0x00000007b24cef70,0x00000007b2680000)
  to   space 4608K, 0% used [0x00000007b2680000,0x00000007b2680000,0x00000007b2b00000)
 ParOldGen       total 568832K, used 550693K [0x00000006c7400000, 0x00000006e9f80000, 0x000000076d180000)
  object space 568832K, 96% used [0x00000006c7400000,0x00000006e8dc9678,0x00000006e9f80000)
 Metaspace       used 12267K, capacity 12530K, committed 12672K, reserved 1060864K
  class space    used 1301K, capacity 1378K, committed 1408K, reserved 1048576K
Event: 199,960 GC heap after
Heap after GC invocations=138 (full 2):
 PSYoungGen      total 491008K, used 96K [0x000000076d180000, 0x00000007b2700000, 0x00000007c0000000)
  eden space 490496K, 0% used [0x000000076d180000,0x000000076d180000,0x000000078b080000)
  from space 512K, 18% used [0x00000007b2680000,0x00000007b2698000,0x00000007b2700000)
  to   space 4608K, 0% used [0x00000007b1e00000,0x00000007b1e00000,0x00000007b2280000)
 ParOldGen       total 568832K, used 550701K [0x00000006c7400000, 0x00000006e9f80000, 0x000000076d180000)
  object space 568832K, 96% used [0x00000006c7400000,0x00000006e8dcb678,0x00000006e9f80000)
 Metaspace       used 12267K, capacity 12530K, committed 12672K, reserved 1060864K
  class space    used 1301K, capacity 1378K, committed 1408K, reserved 1048576K
}
Event: 200,378 GC heap before
{Heap before GC invocations=139 (full 2):
 PSYoungGen      total 491008K, used 489911K [0x000000076d180000, 0x00000007b2700000, 0x00000007c0000000)
  eden space 490496K, 99% used [0x000000076d180000,0x000000078afd5f60,0x000000078b080000)
  from space 512K, 18% used [0x00000007b2680000,0x00000007b2698000,0x00000007b2700000)
  to   space 4608K, 0% used [0x00000007b1e00000,0x00000007b1e00000,0x00000007b2280000)
 ParOldGen       total 568832K, used 550701K [0x00000006c7400000, 0x00000006e9f80000, 0x000000076d180000)
  object space 568832K, 96% used [0x00000006c7400000,0x00000006e8dcb678,0x00000006e9f80000)
 Metaspace       used 12267K, capacity 12530K, committed 12672K, reserved 1060864K
  class space    used 1301K, capacity 1378K, committed 1408K, reserved 1048576K
Event: 200,384 GC heap after
Heap after GC invocations=139 (full 2):
 PSYoungGen      total 590848K, used 64K [0x000000076d180000, 0x00000007b2700000, 0x00000007c0000000)
  eden space 586240K, 0% used [0x000000076d180000,0x000000076d180000,0x0000000790e00000)
  from space 4608K, 1% used [0x00000007b1e00000,0x00000007b1e10000,0x00000007b2280000)
  to   space 4608K, 0% used [0x00000007b2280000,0x00000007b2280000,0x00000007b2700000)
 ParOldGen       total 568832K, used 550709K [0x00000006c7400000, 0x00000006e9f80000, 0x000000076d180000)
  object space 568832K, 96% used [0x00000006c7400000,0x00000006e8dcd678,0x00000006e9f80000)
 Metaspace       used 12267K, capacity 12530K, committed 12672K, reserved 1060864K
  class space    used 1301K, capacity 1378K, committed 1408K, reserved 1048576K
}

