# JRE version: OpenJDK Runtime Environment (8.0_265-b01) (build 1.8.0_265-8u265-b01-0ubuntu2~20.04-b01)
# Java VM: OpenJDK 64-Bit Server VM (25.265-b01 mixed mode linux-amd64 compressed oops)
Heap:
 PSYoungGen      total 751104K, used 581331K [0x000000076d180000, 0x00000007bcb80000, 0x00000007c0000000)
  eden space 741888K, 78% used [0x000000076d180000,0x0000000790914dc8,0x000000079a600000)
  from space 9216K, 1% used [0x00000007bb980000,0x00000007bb9a0000,0x00000007bc280000)
  to   space 9216K, 0% used [0x00000007bc280000,0x00000007bc280000,0x00000007bcb80000)
 ParOldGen       total 677376K, used 506724K [0x00000006c7400000, 0x00000006f0980000, 0x000000076d180000)
  object space 677376K, 74% used [0x00000006c7400000,0x00000006e62d92a8,0x00000006f0980000)
 Metaspace       used 12318K, capacity 12570K, committed 12672K, reserved 1060864K
  class space    used 1314K, capacity 1388K, committed 1408K, reserved 1048576K
GC Heap History (10 events):
Event: 158,175 GC heap before
{Heap before GC invocations=126 (full 12):
 PSYoungGen      total 846336K, used 844797K [0x000000076d180000, 0x00000007bd380000, 0x00000007c0000000)
  eden space 842240K, 99% used [0x000000076d180000,0x00000007a06db408,0x00000007a0800000)
  from space 4096K, 91% used [0x00000007bcf80000,0x00000007bd324010,0x00000007bd380000)
  to   space 8192K, 0% used [0x00000007bc380000,0x00000007bc380000,0x00000007bcb80000)
 ParOldGen       total 761856K, used 758727K [0x00000006c7400000, 0x00000006f5c00000, 0x000000076d180000)
  object space 761856K, 99% used [0x00000006c7400000,0x00000006f58f1c80,0x00000006f5c00000)
 Metaspace       used 12315K, capacity 12570K, committed 12672K, reserved 1060864K
  class space    used 1314K, capacity 1388K, committed 1408K, reserved 1048576K
Event: 158,201 GC heap after
Heap after GC invocations=126 (full 12):
 PSYoungGen      total 846336K, used 0K [0x000000076d180000, 0x00000007bd380000, 0x00000007c0000000)
  eden space 842240K, 0% used [0x000000076d180000,0x000000076d180000,0x00000007a0800000)
  from space 4096K, 0% used [0x00000007bcf80000,0x00000007bcf80000,0x00000007bd380000)
  to   space 8192K, 0% used [0x00000007bc380000,0x00000007bc380000,0x00000007bcb80000)
 ParOldGen       total 673792K, used 501695K [0x00000006c7400000, 0x00000006f0600000, 0x000000076d180000)
  object space 673792K, 74% used [0x00000006c7400000,0x00000006e5deffc8,0x00000006f0600000)
 Metaspace       used 12315K, capacity 12570K, committed 12672K, reserved 1060864K
  class space    used 1314K, capacity 1388K, committed 1408K, reserved 1048576K
}
Event: 159,480 GC heap before
{Heap before GC invocations=127 (full 12):
 PSYoungGen      total 846336K, used 841659K [0x000000076d180000, 0x00000007bd380000, 0x00000007c0000000)
  eden space 842240K, 99% used [0x000000076d180000,0x00000007a076ec68,0x00000007a0800000)
  from space 4096K, 0% used [0x00000007bcf80000,0x00000007bcf80000,0x00000007bd380000)
  to   space 8192K, 0% used [0x00000007bc380000,0x00000007bc380000,0x00000007bcb80000)
 ParOldGen       total 673792K, used 505295K [0x00000006c7400000, 0x00000006f0600000, 0x000000076d180000)
  object space 673792K, 74% used [0x00000006c7400000,0x00000006e6173fd8,0x00000006f0600000)
 Metaspace       used 12316K, capacity 12570K, committed 12672K, reserved 1060864K
  class space    used 1314K, capacity 1388K, committed 1408K, reserved 1048576K
Event: 159,486 GC heap after
Heap after GC invocations=127 (full 12):
 PSYoungGen      total 814592K, used 7360K [0x000000076d180000, 0x00000007bd000000, 0x00000007c0000000)
  eden space 806912K, 0% used [0x000000076d180000,0x000000076d180000,0x000000079e580000)
  from space 7680K, 95% used [0x00000007bc380000,0x00000007bcab0020,0x00000007bcb00000)
  to   space 5120K, 0% used [0x00000007bcb00000,0x00000007bcb00000,0x00000007bd000000)
 ParOldGen       total 673792K, used 510280K [0x00000006c7400000, 0x00000006f0600000, 0x000000076d180000)
  object space 673792K, 75% used [0x00000006c7400000,0x00000006e6652360,0x00000006f0600000)
 Metaspace       used 12316K, capacity 12570K, committed 12672K, reserved 1060864K
  class space    used 1314K, capacity 1388K, committed 1408K, reserved 1048576K
}
Event: 160,559 GC heap before
{Heap before GC invocations=128 (full 13):
 PSYoungGen      total 814592K, used 813868K [0x000000076d180000, 0x00000007bd000000, 0x00000007c0000000)
  eden space 806912K, 99% used [0x000000076d180000,0x000000079e51b1a0,0x000000079e580000)
  from space 7680K, 95% used [0x00000007bc380000,0x00000007bcab0020,0x00000007bcb00000)
  to   space 5120K, 0% used [0x00000007bcb00000,0x00000007bcb00000,0x00000007bd000000)
 ParOldGen       total 739328K, used 737081K [0x00000006c7400000, 0x00000006f4600000, 0x000000076d180000)
  object space 739328K, 99% used [0x00000006c7400000,0x00000006f43ce750,0x00000006f4600000)
 Metaspace       used 12317K, capacity 12570K, committed 12672K, reserved 1060864K
  class space    used 1314K, capacity 1388K, committed 1408K, reserved 1048576K
Event: 160,580 GC heap after
Heap after GC invocations=128 (full 13):
 PSYoungGen      total 814592K, used 0K [0x000000076d180000, 0x00000007bd000000, 0x00000007c0000000)
  eden space 806912K, 0% used [0x000000076d180000,0x000000076d180000,0x000000079e580000)
  from space 7680K, 0% used [0x00000007bc380000,0x00000007bc380000,0x00000007bcb00000)
  to   space 5120K, 0% used [0x00000007bcb00000,0x00000007bcb00000,0x00000007bd000000)
 ParOldGen       total 677376K, used 506724K [0x00000006c7400000, 0x00000006f0980000, 0x000000076d180000)
  object space 677376K, 74% used [0x00000006c7400000,0x00000006e62d92a8,0x00000006f0980000)
 Metaspace       used 12317K, capacity 12570K, committed 12672K, reserved 1060864K
  class space    used 1314K, capacity 1388K, committed 1408K, reserved 1048576K
}
Event: 161,364 GC heap before
{Heap before GC invocations=129 (full 13):
 PSYoungGen      total 814592K, used 804932K [0x000000076d180000, 0x00000007bd000000, 0x00000007c0000000)
  eden space 806912K, 99% used [0x000000076d180000,0x000000079e391350,0x000000079e580000)
  from space 7680K, 0% used [0x00000007bc380000,0x00000007bc380000,0x00000007bcb00000)
  to   space 5120K, 0% used [0x00000007bcb00000,0x00000007bcb00000,0x00000007bd000000)
 ParOldGen       total 677376K, used 506724K [0x00000006c7400000, 0x00000006f0980000, 0x000000076d180000)
  object space 677376K, 74% used [0x00000006c7400000,0x00000006e62d92a8,0x00000006f0980000)
 Metaspace       used 12318K, capacity 12570K, committed 12672K, reserved 1060864K
  class space    used 1314K, capacity 1388K, committed 1408K, reserved 1048576K
Event: 161,367 GC heap after
Heap after GC invocations=129 (full 13):
 PSYoungGen      total 774144K, used 96K [0x000000076d180000, 0x00000007bcb80000, 0x00000007c0000000)
  eden space 773632K, 0% used [0x000000076d180000,0x000000076d180000,0x000000079c500000)
  from space 512K, 18% used [0x00000007bcb00000,0x00000007bcb18000,0x00000007bcb80000)
  to   space 9216K, 0% used [0x00000007bb980000,0x00000007bb980000,0x00000007bc280000)
 ParOldGen       total 677376K, used 506724K [0x00000006c7400000, 0x00000006f0980000, 0x000000076d180000)
  object space 677376K, 74% used [0x00000006c7400000,0x00000006e62d92a8,0x00000006f0980000)
 Metaspace       used 12318K, capacity 12570K, committed 12672K, reserved 1060864K
  class space    used 1314K, capacity 1388K, committed 1408K, reserved 1048576K
}
Event: 161,894 GC heap before
{Heap before GC invocations=130 (full 13):
 PSYoungGen      total 774144K, used 770876K [0x000000076d180000, 0x00000007bcb80000, 0x00000007c0000000)
  eden space 773632K, 99% used [0x000000076d180000,0x000000079c237170,0x000000079c500000)
  from space 512K, 18% used [0x00000007bcb00000,0x00000007bcb18000,0x00000007bcb80000)
  to   space 9216K, 0% used [0x00000007bb980000,0x00000007bb980000,0x00000007bc280000)
 ParOldGen       total 677376K, used 506724K [0x00000006c7400000, 0x00000006f0980000, 0x000000076d180000)
  object space 677376K, 74% used [0x00000006c7400000,0x00000006e62d92a8,0x00000006f0980000)
 Metaspace       used 12318K, capacity 12570K, committed 12672K, reserved 1060864K
  class space    used 1314K, capacity 1388K, committed 1408K, reserved 1048576K
Event: 161,898 GC heap after
Heap after GC invocations=130 (full 13):
 PSYoungGen      total 751104K, used 128K [0x000000076d180000, 0x00000007bcb80000, 0x00000007c0000000)
  eden space 741888K, 0% used [0x000000076d180000,0x000000076d180000,0x000000079a600000)
  from space 9216K, 1% used [0x00000007bb980000,0x00000007bb9a0000,0x00000007bc280000)
  to   space 9216K, 0% used [0x00000007bc280000,0x00000007bc280000,0x00000007bcb80000)
 ParOldGen       total 677376K, used 506724K [0x00000006c7400000, 0x00000006f0980000, 0x000000076d180000)
  object space 677376K, 74% used [0x00000006c7400000,0x00000006e62d92a8,0x00000006f0980000)
 Metaspace       used 12318K, capacity 12570K, committed 12672K, reserved 1060864K
  class space    used 1314K, capacity 1388K, committed 1408K, reserved 1048576K
}

