# JRE version: OpenJDK Runtime Environment (8.0_265-b01) (build 1.8.0_265-8u265-b01-0ubuntu2~20.04-b01)
# Java VM: OpenJDK 64-Bit Server VM (25.265-b01 mixed mode linux-amd64 compressed oops)
Heap:
 PSYoungGen      total 1158144K, used 432557K [0x000000076d180000, 0x00000007bfa00000, 0x00000007c0000000)
  eden space 1157632K, 37% used [0x000000076d180000,0x00000007877d37e8,0x00000007b3c00000)
  from space 512K, 18% used [0x00000007bf680000,0x00000007bf698000,0x00000007bf700000)
  to   space 2560K, 0% used [0x00000007bf780000,0x00000007bf780000,0x00000007bfa00000)
 ParOldGen       total 592384K, used 505420K [0x00000006c7400000, 0x00000006eb680000, 0x000000076d180000)
  object space 592384K, 85% used [0x00000006c7400000,0x00000006e6193330,0x00000006eb680000)
 Metaspace       used 12470K, capacity 12754K, committed 13056K, reserved 1060864K
  class space    used 1312K, capacity 1410K, committed 1536K, reserved 1048576K
GC Heap History (10 events):
Event: 75,639 GC heap before
{Heap before GC invocations=78 (full 3):
 PSYoungGen      total 1268736K, used 1267720K [0x000000076d180000, 0x00000007bfd80000, 0x00000007c0000000)
  eden space 1268224K, 99% used [0x000000076d180000,0x00000007ba7623e8,0x00000007ba800000)
  from space 512K, 25% used [0x00000007bfd00000,0x00000007bfd20000,0x00000007bfd80000)
  to   space 2560K, 0% used [0x00000007bf880000,0x00000007bf880000,0x00000007bfb00000)
 ParOldGen       total 592384K, used 502980K [0x00000006c7400000, 0x00000006eb680000, 0x000000076d180000)
  object space 592384K, 84% used [0x00000006c7400000,0x00000006e5f31310,0x00000006eb680000)
 Metaspace       used 12466K, capacity 12754K, committed 13056K, reserved 1060864K
  class space    used 1312K, capacity 1410K, committed 1536K, reserved 1048576K
Event: 75,646 GC heap after
Heap after GC invocations=78 (full 3):
 PSYoungGen      total 1211904K, used 192K [0x000000076d180000, 0x00000007bfd80000, 0x00000007c0000000)
  eden space 1209344K, 0% used [0x000000076d180000,0x000000076d180000,0x00000007b6e80000)
  from space 2560K, 7% used [0x00000007bf880000,0x00000007bf8b0000,0x00000007bfb00000)
  to   space 2560K, 0% used [0x00000007bfb00000,0x00000007bfb00000,0x00000007bfd80000)
 ParOldGen       total 592384K, used 502996K [0x00000006c7400000, 0x00000006eb680000, 0x000000076d180000)
  object space 592384K, 84% used [0x00000006c7400000,0x00000006e5f35310,0x00000006eb680000)
 Metaspace       used 12466K, capacity 12754K, committed 13056K, reserved 1060864K
  class space    used 1312K, capacity 1410K, committed 1536K, reserved 1048576K
}
Event: 76,472 GC heap before
{Heap before GC invocations=79 (full 3):
 PSYoungGen      total 1211904K, used 1209483K [0x000000076d180000, 0x00000007bfd80000, 0x00000007c0000000)
  eden space 1209344K, 99% used [0x000000076d180000,0x00000007b6e72c20,0x00000007b6e80000)
  from space 2560K, 7% used [0x00000007bf880000,0x00000007bf8b0000,0x00000007bfb00000)
  to   space 2560K, 0% used [0x00000007bfb00000,0x00000007bfb00000,0x00000007bfd80000)
 ParOldGen       total 592384K, used 502996K [0x00000006c7400000, 0x00000006eb680000, 0x000000076d180000)
  object space 592384K, 84% used [0x00000006c7400000,0x00000006e5f35310,0x00000006eb680000)
 Metaspace       used 12468K, capacity 12754K, committed 13056K, reserved 1060864K
  class space    used 1312K, capacity 1410K, committed 1536K, reserved 1048576K
Event: 76,477 GC heap after
Heap after GC invocations=79 (full 3):
 PSYoungGen      total 1336320K, used 96K [0x000000076d180000, 0x00000007bfb80000, 0x00000007c0000000)
  eden space 1335808K, 0% used [0x000000076d180000,0x000000076d180000,0x00000007bea00000)
  from space 512K, 18% used [0x00000007bfb00000,0x00000007bfb18000,0x00000007bfb80000)
  to   space 2560K, 0% used [0x00000007bf680000,0x00000007bf680000,0x00000007bf900000)
 ParOldGen       total 592384K, used 503004K [0x00000006c7400000, 0x00000006eb680000, 0x000000076d180000)
  object space 592384K, 84% used [0x00000006c7400000,0x00000006e5f37310,0x00000006eb680000)
 Metaspace       used 12468K, capacity 12754K, committed 13056K, reserved 1060864K
  class space    used 1312K, capacity 1410K, committed 1536K, reserved 1048576K
}
Event: 77,981 GC heap before
{Heap before GC invocations=80 (full 3):
 PSYoungGen      total 1336320K, used 1335142K [0x000000076d180000, 0x00000007bfb80000, 0x00000007c0000000)
  eden space 1335808K, 99% used [0x000000076d180000,0x00000007be941ad0,0x00000007bea00000)
  from space 512K, 18% used [0x00000007bfb00000,0x00000007bfb18000,0x00000007bfb80000)
  to   space 2560K, 0% used [0x00000007bf680000,0x00000007bf680000,0x00000007bf900000)
 ParOldGen       total 592384K, used 503004K [0x00000006c7400000, 0x00000006eb680000, 0x000000076d180000)
  object space 592384K, 84% used [0x00000006c7400000,0x00000006e5f37310,0x00000006eb680000)
 Metaspace       used 12468K, capacity 12754K, committed 13056K, reserved 1060864K
  class space    used 1312K, capacity 1410K, committed 1536K, reserved 1048576K
Event: 77,987 GC heap after
Heap after GC invocations=80 (full 3):
 PSYoungGen      total 1275904K, used 96K [0x000000076d180000, 0x00000007bfb80000, 0x00000007c0000000)
  eden space 1273344K, 0% used [0x000000076d180000,0x000000076d180000,0x00000007bad00000)
  from space 2560K, 3% used [0x00000007bf680000,0x00000007bf698000,0x00000007bf900000)
  to   space 2048K, 0% used [0x00000007bf980000,0x00000007bf980000,0x00000007bfb80000)
 ParOldGen       total 592384K, used 503012K [0x00000006c7400000, 0x00000006eb680000, 0x000000076d180000)
  object space 592384K, 84% used [0x00000006c7400000,0x00000006e5f39310,0x00000006eb680000)
 Metaspace       used 12468K, capacity 12754K, committed 13056K, reserved 1060864K
  class space    used 1312K, capacity 1410K, committed 1536K, reserved 1048576K
}
Event: 79,161 GC heap before
{Heap before GC invocations=81 (full 3):
 PSYoungGen      total 1275904K, used 1273115K [0x000000076d180000, 0x00000007bfb80000, 0x00000007c0000000)
  eden space 1273344K, 99% used [0x000000076d180000,0x00000007bacaeef0,0x00000007bad00000)
  from space 2560K, 3% used [0x00000007bf680000,0x00000007bf698000,0x00000007bf900000)
  to   space 2048K, 0% used [0x00000007bf980000,0x00000007bf980000,0x00000007bfb80000)
 ParOldGen       total 592384K, used 503012K [0x00000006c7400000, 0x00000006eb680000, 0x000000076d180000)
  object space 592384K, 84% used [0x00000006c7400000,0x00000006e5f39310,0x00000006eb680000)
 Metaspace       used 12469K, capacity 12754K, committed 13056K, reserved 1060864K
  class space    used 1312K, capacity 1410K, committed 1536K, reserved 1048576K
Event: 79,165 GC heap after
Heap after GC invocations=81 (full 3):
 PSYoungGen      total 1216000K, used 1871K [0x000000076d180000, 0x00000007bfb80000, 0x00000007c0000000)
  eden space 1213952K, 0% used [0x000000076d180000,0x000000076d180000,0x00000007b7300000)
  from space 2048K, 91% used [0x00000007bf980000,0x00000007bfb53e80,0x00000007bfb80000)
  to   space 2560K, 0% used [0x00000007bf680000,0x00000007bf680000,0x00000007bf900000)
 ParOldGen       total 592384K, used 505420K [0x00000006c7400000, 0x00000006eb680000, 0x000000076d180000)
  object space 592384K, 85% used [0x00000006c7400000,0x00000006e6193330,0x00000006eb680000)
 Metaspace       used 12469K, capacity 12754K, committed 13056K, reserved 1060864K
  class space    used 1312K, capacity 1410K, committed 1536K, reserved 1048576K
}
Event: 80,285 GC heap before
{Heap before GC invocations=82 (full 3):
 PSYoungGen      total 1216000K, used 1215534K [0x000000076d180000, 0x00000007bfb80000, 0x00000007c0000000)
  eden space 1213952K, 99% used [0x000000076d180000,0x00000007b72b7ad8,0x00000007b7300000)
  from space 2048K, 91% used [0x00000007bf980000,0x00000007bfb53e80,0x00000007bfb80000)
  to   space 2560K, 0% used [0x00000007bf680000,0x00000007bf680000,0x00000007bf900000)
 ParOldGen       total 592384K, used 505420K [0x00000006c7400000, 0x00000006eb680000, 0x000000076d180000)
  object space 592384K, 85% used [0x00000006c7400000,0x00000006e6193330,0x00000006eb680000)
 Metaspace       used 12469K, capacity 12754K, committed 13056K, reserved 1060864K
  class space    used 1312K, capacity 1410K, committed 1536K, reserved 1048576K
Event: 80,290 GC heap after
Heap after GC invocations=82 (full 3):
 PSYoungGen      total 1158144K, used 96K [0x000000076d180000, 0x00000007bfa00000, 0x00000007c0000000)
  eden space 1157632K, 0% used [0x000000076d180000,0x000000076d180000,0x00000007b3c00000)
  from space 512K, 18% used [0x00000007bf680000,0x00000007bf698000,0x00000007bf700000)
  to   space 2560K, 0% used [0x00000007bf780000,0x00000007bf780000,0x00000007bfa00000)
 ParOldGen       total 592384K, used 505420K [0x00000006c7400000, 0x00000006eb680000, 0x000000076d180000)
  object space 592384K, 85% used [0x00000006c7400000,0x00000006e6193330,0x00000006eb680000)
 Metaspace       used 12469K, capacity 12754K, committed 13056K, reserved 1060864K
  class space    used 1312K, capacity 1410K, committed 1536K, reserved 1048576K
}

