# JRE version: OpenJDK Runtime Environment (8.0_265-b01) (build 1.8.0_265-8u265-b01-0ubuntu2~20.04-b01)
# Java VM: OpenJDK 64-Bit Server VM (25.265-b01 mixed mode linux-amd64 compressed oops)
Heap:
 PSYoungGen      total 1357824K, used 1060052K [0x000000076d180000, 0x00000007c0000000, 0x00000007c0000000)
  eden space 1357312K, 78% used [0x000000076d180000,0x00000007adc8d070,0x00000007bff00000)
  from space 512K, 31% used [0x00000007bff80000,0x00000007bffa8000,0x00000007c0000000)
  to   space 512K, 0% used [0x00000007bff00000,0x00000007bff00000,0x00000007bff80000)
 ParOldGen       total 727552K, used 515205K [0x00000006c7400000, 0x00000006f3a80000, 0x000000076d180000)
  object space 727552K, 70% used [0x00000006c7400000,0x00000006e6b21490,0x00000006f3a80000)
 Metaspace       used 12509K, capacity 12802K, committed 13056K, reserved 1060864K
  class space    used 1319K, capacity 1420K, committed 1536K, reserved 1048576K
GC Heap History (10 events):
Event: 2252,937 GC heap before
{Heap before GC invocations=114 (full 12):
 PSYoungGen      total 1357824K, used 1354122K [0x000000076d180000, 0x00000007c0000000, 0x00000007c0000000)
  eden space 1357312K, 99% used [0x000000076d180000,0x00000007bfbc2af8,0x00000007bff00000)
  from space 512K, 25% used [0x00000007bff00000,0x00000007bff20000,0x00000007bff80000)
  to   space 512K, 0% used [0x00000007bff80000,0x00000007bff80000,0x00000007c0000000)
 ParOldGen       total 727552K, used 515205K [0x00000006c7400000, 0x00000006f3a80000, 0x000000076d180000)
  object space 727552K, 70% used [0x00000006c7400000,0x00000006e6b21490,0x00000006f3a80000)
 Metaspace       used 12508K, capacity 12802K, committed 13056K, reserved 1060864K
  class space    used 1319K, capacity 1420K, committed 1536K, reserved 1048576K
Event: 2252,945 GC heap after
Heap after GC invocations=114 (full 12):
 PSYoungGen      total 1357824K, used 96K [0x000000076d180000, 0x00000007c0000000, 0x00000007c0000000)
  eden space 1357312K, 0% used [0x000000076d180000,0x000000076d180000,0x00000007bff00000)
  from space 512K, 18% used [0x00000007bff80000,0x00000007bff98000,0x00000007c0000000)
  to   space 512K, 0% used [0x00000007bff00000,0x00000007bff00000,0x00000007bff80000)
 ParOldGen       total 727552K, used 515205K [0x00000006c7400000, 0x00000006f3a80000, 0x000000076d180000)
  object space 727552K, 70% used [0x00000006c7400000,0x00000006e6b21490,0x00000006f3a80000)
 Metaspace       used 12508K, capacity 12802K, committed 13056K, reserved 1060864K
  class space    used 1319K, capacity 1420K, committed 1536K, reserved 1048576K
}
Event: 2256,299 GC heap before
{Heap before GC invocations=115 (full 12):
 PSYoungGen      total 1357824K, used 1356679K [0x000000076d180000, 0x00000007c0000000, 0x00000007c0000000)
  eden space 1357312K, 99% used [0x000000076d180000,0x00000007bfe49d50,0x00000007bff00000)
  from space 512K, 18% used [0x00000007bff80000,0x00000007bff98000,0x00000007c0000000)
  to   space 512K, 0% used [0x00000007bff00000,0x00000007bff00000,0x00000007bff80000)
 ParOldGen       total 727552K, used 515205K [0x00000006c7400000, 0x00000006f3a80000, 0x000000076d180000)
  object space 727552K, 70% used [0x00000006c7400000,0x00000006e6b21490,0x00000006f3a80000)
 Metaspace       used 12509K, capacity 12802K, committed 13056K, reserved 1060864K
  class space    used 1319K, capacity 1420K, committed 1536K, reserved 1048576K
Event: 2256,309 GC heap after
Heap after GC invocations=115 (full 12):
 PSYoungGen      total 1357824K, used 96K [0x000000076d180000, 0x00000007c0000000, 0x00000007c0000000)
  eden space 1357312K, 0% used [0x000000076d180000,0x000000076d180000,0x00000007bff00000)
  from space 512K, 18% used [0x00000007bff00000,0x00000007bff18000,0x00000007bff80000)
  to   space 512K, 0% used [0x00000007bff80000,0x00000007bff80000,0x00000007c0000000)
 ParOldGen       total 727552K, used 515205K [0x00000006c7400000, 0x00000006f3a80000, 0x000000076d180000)
  object space 727552K, 70% used [0x00000006c7400000,0x00000006e6b21490,0x00000006f3a80000)
 Metaspace       used 12509K, capacity 12802K, committed 13056K, reserved 1060864K
  class space    used 1319K, capacity 1420K, committed 1536K, reserved 1048576K
}
Event: 2258,240 GC heap before
{Heap before GC invocations=116 (full 12):
 PSYoungGen      total 1357824K, used 1354694K [0x000000076d180000, 0x00000007c0000000, 0x00000007c0000000)
  eden space 1357312K, 99% used [0x000000076d180000,0x00000007bfc59918,0x00000007bff00000)
  from space 512K, 18% used [0x00000007bff00000,0x00000007bff18000,0x00000007bff80000)
  to   space 512K, 0% used [0x00000007bff80000,0x00000007bff80000,0x00000007c0000000)
 ParOldGen       total 727552K, used 515205K [0x00000006c7400000, 0x00000006f3a80000, 0x000000076d180000)
  object space 727552K, 70% used [0x00000006c7400000,0x00000006e6b21490,0x00000006f3a80000)
 Metaspace       used 12509K, capacity 12802K, committed 13056K, reserved 1060864K
  class space    used 1319K, capacity 1420K, committed 1536K, reserved 1048576K
Event: 2258,243 GC heap after
Heap after GC invocations=116 (full 12):
 PSYoungGen      total 1357824K, used 96K [0x000000076d180000, 0x00000007c0000000, 0x00000007c0000000)
  eden space 1357312K, 0% used [0x000000076d180000,0x000000076d180000,0x00000007bff00000)
  from space 512K, 18% used [0x00000007bff80000,0x00000007bff98000,0x00000007c0000000)
  to   space 512K, 0% used [0x00000007bff00000,0x00000007bff00000,0x00000007bff80000)
 ParOldGen       total 727552K, used 515205K [0x00000006c7400000, 0x00000006f3a80000, 0x000000076d180000)
  object space 727552K, 70% used [0x00000006c7400000,0x00000006e6b21490,0x00000006f3a80000)
 Metaspace       used 12509K, capacity 12802K, committed 13056K, reserved 1060864K
  class space    used 1319K, capacity 1420K, committed 1536K, reserved 1048576K
}
Event: 2260,114 GC heap before
{Heap before GC invocations=117 (full 12):
 PSYoungGen      total 1357824K, used 1353953K [0x000000076d180000, 0x00000007c0000000, 0x00000007c0000000)
  eden space 1357312K, 99% used [0x000000076d180000,0x00000007bfba04d8,0x00000007bff00000)
  from space 512K, 18% used [0x00000007bff80000,0x00000007bff98000,0x00000007c0000000)
  to   space 512K, 0% used [0x00000007bff00000,0x00000007bff00000,0x00000007bff80000)
 ParOldGen       total 727552K, used 515205K [0x00000006c7400000, 0x00000006f3a80000, 0x000000076d180000)
  object space 727552K, 70% used [0x00000006c7400000,0x00000006e6b21490,0x00000006f3a80000)
 Metaspace       used 12509K, capacity 12802K, committed 13056K, reserved 1060864K
  class space    used 1319K, capacity 1420K, committed 1536K, reserved 1048576K
Event: 2260,127 GC heap after
Heap after GC invocations=117 (full 12):
 PSYoungGen      total 1357824K, used 160K [0x000000076d180000, 0x00000007c0000000, 0x00000007c0000000)
  eden space 1357312K, 0% used [0x000000076d180000,0x000000076d180000,0x00000007bff00000)
  from space 512K, 31% used [0x00000007bff00000,0x00000007bff28000,0x00000007bff80000)
  to   space 512K, 0% used [0x00000007bff80000,0x00000007bff80000,0x00000007c0000000)
 ParOldGen       total 727552K, used 515205K [0x00000006c7400000, 0x00000006f3a80000, 0x000000076d180000)
  object space 727552K, 70% used [0x00000006c7400000,0x00000006e6b21490,0x00000006f3a80000)
 Metaspace       used 12509K, capacity 12802K, committed 13056K, reserved 1060864K
  class space    used 1319K, capacity 1420K, committed 1536K, reserved 1048576K
}
Event: 2262,421 GC heap before
{Heap before GC invocations=118 (full 12):
 PSYoungGen      total 1357824K, used 1354074K [0x000000076d180000, 0x00000007c0000000, 0x00000007c0000000)
  eden space 1357312K, 99% used [0x000000076d180000,0x00000007bfbae810,0x00000007bff00000)
  from space 512K, 31% used [0x00000007bff00000,0x00000007bff28000,0x00000007bff80000)
  to   space 512K, 0% used [0x00000007bff80000,0x00000007bff80000,0x00000007c0000000)
 ParOldGen       total 727552K, used 515205K [0x00000006c7400000, 0x00000006f3a80000, 0x000000076d180000)
  object space 727552K, 70% used [0x00000006c7400000,0x00000006e6b21490,0x00000006f3a80000)
 Metaspace       used 12509K, capacity 12802K, committed 13056K, reserved 1060864K
  class space    used 1319K, capacity 1420K, committed 1536K, reserved 1048576K
Event: 2262,429 GC heap after
Heap after GC invocations=118 (full 12):
 PSYoungGen      total 1357824K, used 160K [0x000000076d180000, 0x00000007c0000000, 0x00000007c0000000)
  eden space 1357312K, 0% used [0x000000076d180000,0x000000076d180000,0x00000007bff00000)
  from space 512K, 31% used [0x00000007bff80000,0x00000007bffa8000,0x00000007c0000000)
  to   space 512K, 0% used [0x00000007bff00000,0x00000007bff00000,0x00000007bff80000)
 ParOldGen       total 727552K, used 515205K [0x00000006c7400000, 0x00000006f3a80000, 0x000000076d180000)
  object space 727552K, 70% used [0x00000006c7400000,0x00000006e6b21490,0x00000006f3a80000)
 Metaspace       used 12509K, capacity 12802K, committed 13056K, reserved 1060864K
  class space    used 1319K, capacity 1420K, committed 1536K, reserved 1048576K
}

